<?xml version="1.0" encoding="UTF-8"?>
<!-- Generated by org.testng.reporters.JUnitReportReporter -->
<testsuite hostname="LAPTOP-KKDSPR4V" failures="0" tests="1" name="cucumber.TestNGTestRunner" time="30.070" errors="0" timestamp="2025-08-23T17:52:22 GMT-04:00" skipped="0">
  <testcase classname="cucumber.TestNGTestRunner" name="runScenario" time="30.070"/>
</testsuite> <!-- cucumber.TestNGTestRunner -->
