<?xml version="1.0" encoding="UTF-8"?>
<!-- Generated by org.testng.reporters.JUnitReportReporter -->
<testsuite hostname="LAPTOP-KKDSPR4V" failures="0" tests="1" name="automationtestingframework.tests.ErrorValidations" time="7.586" errors="0" timestamp="2025-08-19T23:21:54 GMT-04:00" skipped="0">
  <testcase classname="automationtestingframework.tests.ErrorValidations" name="SubmitOrder" time="7.586"/>
</testsuite> <!-- automationtestingframework.tests.ErrorValidations -->
