<?xml version="1.0" encoding="UTF-8"?>
<!-- Generated by org.testng.reporters.JUnitReportReporter -->
<testsuite hostname="LAPTOP-KKDSPR4V" failures="0" tests="4" name="test_JavaStreamsAndLambda" time="0.031" errors="0" timestamp="2025-08-17T17:45:20 GMT-04:00" skipped="0">
  <testcase classname="test_JavaStreamsAndLambda" name="regular" time="0.010"/>
  <testcase classname="test_JavaStreamsAndLambda" name="streamMap" time="0.007"/>
  <testcase classname="test_JavaStreamsAndLambda" name="streamCollect" time="0.006"/>
  <testcase classname="test_JavaStreamsAndLambda" name="streamFilter" time="0.008"/>
</testsuite> <!-- test_JavaStreamsAndLambda -->
