<?xml version="1.0" encoding="UTF-8"?>
<!-- Generated by org.testng.reporters.JUnitReportReporter -->
<testsuite hostname="LAPTOP-KKDSPR4V" failures="0" tests="1" name="test.intro" time="0.001" errors="0" timestamp="2025-08-18T15:43:20 GMT-04:00" skipped="0">
  <testcase classname="test.intro" name="Hi" time="0.001"/>
</testsuite> <!-- test.intro -->
