<?xml version="1.0" encoding="UTF-8"?>
<!-- Generated by org.testng.reporters.JUnitReportReporter -->
<testsuite hostname="LAPTOP-KKDSPR4V" failures="0" tests="1" name="automationtestingframework.ExtentReports.ExtentReportDemo" time="7.785" errors="0" timestamp="2025-08-20T14:37:42 GMT-04:00" skipped="0">
  <testcase classname="automationtestingframework.ExtentReports.ExtentReportDemo" name="initialDemo" time="7.785"/>
</testsuite> <!-- automationtestingframework.ExtentReports.ExtentReportDemo -->
